I: Retrieving Release
I: Retrieving Packages
I: Validating Packages
I: Resolving dependencies of required packages...
I: Resolving dependencies of base packages...
I: Checking component main on http://de.archive.ubuntu.com/ubuntu...
I: Retrieving adduser
I: Validating adduser
I: Retrieving alsa-base
I: Validating alsa-base
I: Retrieving alsa-utils
I: Validating alsa-utils
I: Retrieving apt
I: Validating apt
I: Retrieving apt-utils
I: Validating apt-utils
I: Retrieving aptitude
I: Validating aptitude
I: Retrieving base-files
I: Validating base-files
I: Retrieving base-passwd
I: Validating base-passwd
I: Retrieving bash
I: Validating bash
I: Retrieving belocs-locales-bin
I: Validating belocs-locales-bin
I: Retrieving bsdutils
I: Validating bsdutils
I: Retrieving busybox-initramfs
I: Validating busybox-initramfs
I: Retrieving bzip2
I: Validating bzip2
I: Retrieving console-setup
I: Validating console-setup
I: Retrieving console-terminus
I: Validating console-terminus
I: Retrieving console-tools
I: Validating console-tools
I: Retrieving coreutils
I: Validating coreutils
I: Retrieving cpio
I: Validating cpio
I: Retrieving dash
I: Validating dash
I: Retrieving debconf
I: Validating debconf
I: Retrieving debconf-i18n
I: Validating debconf-i18n
I: Retrieving debianutils
I: Validating debianutils
I: Retrieving dhcp3-client
I: Validating dhcp3-client
I: Retrieving dhcp3-common
I: Validating dhcp3-common
I: Retrieving diff
I: Validating diff
I: Retrieving dmidecode
I: Validating dmidecode
I: Retrieving dpkg
I: Validating dpkg
I: Retrieving e2fslibs
I: Validating e2fslibs
I: Retrieving e2fsprogs
I: Validating e2fsprogs
I: Retrieving eject
I: Validating eject
I: Retrieving ethtool
I: Validating ethtool
I: Retrieving findutils
I: Validating findutils
I: Retrieving gcc-4.1-base
I: Validating gcc-4.1-base
I: Retrieving gettext-base
I: Validating gettext-base
I: Retrieving gnupg
I: Validating gnupg
I: Retrieving grep
I: Validating grep
I: Retrieving grepmap
I: Validating grepmap
I: Retrieving gzip
I: Validating gzip
I: Retrieving hostname
I: Validating hostname
I: Retrieving ifupdown
I: Validating ifupdown
I: Retrieving initramfs-tools
I: Validating initramfs-tools
I: Retrieving initscripts
I: Validating initscripts
I: Retrieving iproute
I: Validating iproute
I: Retrieving iputils-ping
I: Validating iputils-ping
I: Retrieving klibc-utils
I: Validating klibc-utils
I: Retrieving klogd
I: Validating klogd
I: Retrieving laptop-detect
I: Validating laptop-detect
I: Retrieving less
I: Validating less
I: Retrieving libacl1
I: Validating libacl1
I: Retrieving libasound2
I: Validating libasound2
I: Retrieving libatm1
I: Validating libatm1
I: Retrieving libattr1
I: Validating libattr1
I: Retrieving libblkid1
I: Validating libblkid1
I: Retrieving libbz2-1.0
I: Validating libbz2-1.0
I: Retrieving libc6
I: Validating libc6
I: Retrieving libcap1
I: Validating libcap1
I: Retrieving libcomerr2
I: Validating libcomerr2
I: Retrieving libconsole
I: Validating libconsole
I: Retrieving libdb4.3
I: Validating libdb4.3
I: Retrieving libdb4.4
I: Validating libdb4.4
I: Retrieving libdevmapper1.02
I: Validating libdevmapper1.02
I: Retrieving libfribidi0
I: Validating libfribidi0
I: Retrieving libgcc1
I: Validating libgcc1
I: Retrieving libgcrypt11
I: Validating libgcrypt11
I: Retrieving libgdbm3
I: Validating libgdbm3
I: Retrieving libgnutls13
I: Validating libgnutls13
I: Retrieving libgpg-error0
I: Validating libgpg-error0
I: Retrieving libiw28
I: Validating libiw28
I: Retrieving libklibc
I: Validating libklibc
I: Retrieving libldap2
I: Validating libldap2
I: Retrieving liblocale-gettext-perl
I: Validating liblocale-gettext-perl
I: Retrieving liblzo1
I: Validating liblzo1
I: Retrieving libncurses5
I: Validating libncurses5
I: Retrieving libncursesw5
I: Validating libncursesw5
I: Retrieving libnewt0.52
I: Validating libnewt0.52
I: Retrieving libopencdk8
I: Validating libopencdk8
I: Retrieving libpam-foreground
I: Validating libpam-foreground
I: Retrieving libpam-modules
I: Validating libpam-modules
I: Retrieving libpam-runtime
I: Validating libpam-runtime
I: Retrieving libpam0g
I: Validating libpam0g
I: Retrieving libpci2
I: Validating libpci2
I: Retrieving libpopt0
I: Validating libpopt0
I: Retrieving libreadline5
I: Validating libreadline5
I: Retrieving libsasl2
I: Validating libsasl2
I: Retrieving libsasl2-modules
I: Validating libsasl2-modules
I: Retrieving libselinux1
I: Validating libselinux1
I: Retrieving libsepol1
I: Validating libsepol1
I: Retrieving libsigc++-2.0-0c2a
I: Validating libsigc++-2.0-0c2a
I: Retrieving libslang2
I: Validating libslang2
I: Retrieving libss2
I: Validating libss2
I: Retrieving libssl0.9.8
I: Validating libssl0.9.8
I: Retrieving libstdc++6
I: Validating libstdc++6
I: Retrieving libsysfs2
I: Validating libsysfs2
I: Retrieving libtasn1-3
I: Validating libtasn1-3
I: Retrieving libtext-charwidth-perl
I: Validating libtext-charwidth-perl
I: Retrieving libtext-iconv-perl
I: Validating libtext-iconv-perl
I: Retrieving libtext-wrapi18n-perl
I: Validating libtext-wrapi18n-perl
I: Retrieving libusb-0.1-4
I: Validating libusb-0.1-4
I: Retrieving libuuid1
I: Validating libuuid1
I: Retrieving libvolumeid0
I: Validating libvolumeid0
I: Retrieving libwrap0
I: Validating libwrap0
I: Retrieving linux-sound-base
I: Validating linux-sound-base
I: Retrieving locales
I: Validating locales
I: Retrieving login
I: Validating login
I: Retrieving lsb-base
I: Validating lsb-base
I: Retrieving lsb-release
I: Validating lsb-release
I: Retrieving lsof
I: Validating lsof
I: Retrieving makedev
I: Validating makedev
I: Retrieving mawk
I: Validating mawk
I: Retrieving mii-diag
I: Validating mii-diag
I: Retrieving mime-support
I: Validating mime-support
I: Retrieving mktemp
I: Validating mktemp
I: Retrieving module-init-tools
I: Validating module-init-tools
I: Retrieving mount
I: Validating mount
I: Retrieving ncurses-base
I: Validating ncurses-base
I: Retrieving ncurses-bin
I: Validating ncurses-bin
I: Retrieving net-tools
I: Validating net-tools
I: Retrieving netbase
I: Validating netbase
I: Retrieving netcat
I: Validating netcat
I: Retrieving ntpdate
I: Validating ntpdate
I: Retrieving passwd
I: Validating passwd
I: Retrieving pciutils
I: Validating pciutils
I: Retrieving pcmciautils
I: Validating pcmciautils
I: Retrieving perl
I: Validating perl
I: Retrieving perl-base
I: Validating perl-base
I: Retrieving perl-modules
I: Validating perl-modules
I: Retrieving procps
I: Validating procps
I: Retrieving python
I: Validating python
I: Retrieving python-minimal
I: Validating python-minimal
I: Retrieving python2.4
I: Validating python2.4
I: Retrieving python2.4-minimal
I: Validating python2.4-minimal
I: Retrieving readline-common
I: Validating readline-common
I: Retrieving sed
I: Validating sed
I: Retrieving startup-tasks
I: Validating startup-tasks
I: Retrieving sudo
I: Validating sudo
I: Retrieving sysklogd
I: Validating sysklogd
I: Retrieving system-services
I: Validating system-services
I: Retrieving sysv-rc
I: Validating sysv-rc
I: Retrieving sysvutils
I: Validating sysvutils
I: Retrieving tar
I: Validating tar
I: Retrieving tasksel
I: Validating tasksel
I: Retrieving tasksel-data
I: Validating tasksel-data
I: Retrieving tcpd
I: Validating tcpd
I: Retrieving tzdata
I: Validating tzdata
I: Retrieving ubuntu-keyring
I: Validating ubuntu-keyring
I: Retrieving ubuntu-minimal
I: Validating ubuntu-minimal
I: Retrieving udev
I: Validating udev
I: Retrieving upstart
I: Validating upstart
I: Retrieving upstart-compat-sysv
I: Validating upstart-compat-sysv
I: Retrieving upstart-logd
I: Validating upstart-logd
I: Retrieving usbutils
I: Validating usbutils
I: Retrieving util-linux
I: Validating util-linux
I: Retrieving util-linux-locales
I: Validating util-linux-locales
I: Retrieving vim-common
I: Validating vim-common
I: Retrieving vim-tiny
I: Validating vim-tiny
I: Retrieving volumeid
I: Validating volumeid
I: Retrieving whiptail
I: Validating whiptail
I: Retrieving wireless-tools
I: Validating wireless-tools
I: Retrieving wpasupplicant
I: Validating wpasupplicant
I: Retrieving x11-common
I: Validating x11-common
I: Retrieving xkb-data
I: Validating xkb-data
I: Retrieving zlib1g
I: Validating zlib1g
I: Extracting base-files...
I: Extracting base-passwd...
I: Extracting bash...
I: Extracting belocs-locales-bin...
I: Extracting bsdutils...
I: Extracting coreutils...
I: Extracting dash...
I: Extracting debconf...
I: Extracting debconf-i18n...
I: Extracting debianutils...
I: Extracting diff...
I: Extracting dpkg...
I: Extracting e2fslibs...
I: Extracting e2fsprogs...
I: Extracting findutils...
I: Extracting gcc-4.1-base...
I: Extracting grep...
I: Extracting gzip...
I: Extracting hostname...
I: Extracting initscripts...
I: Extracting libacl1...
I: Extracting libattr1...
I: Extracting libblkid1...
I: Extracting libc6...
I: Extracting libcap1...
I: Extracting libcomerr2...
I: Extracting libdb4.3...
I: Extracting libdevmapper1.02...
I: Extracting libgcc1...
I: Extracting liblocale-gettext-perl...
I: Extracting libncurses5...
I: Extracting libpam-foreground...
I: Extracting libpam-modules...
I: Extracting libpam-runtime...
I: Extracting libpam0g...
I: Extracting libselinux1...
I: Extracting libsepol1...
I: Extracting libslang2...
I: Extracting libss2...
I: Extracting libtext-charwidth-perl...
I: Extracting libtext-iconv-perl...
I: Extracting libtext-wrapi18n-perl...
I: Extracting libuuid1...
I: Extracting locales...
I: Extracting login...
I: Extracting lsb-base...
I: Extracting makedev...
I: Extracting mawk...
I: Extracting mktemp...
I: Extracting mount...
I: Extracting ncurses-base...
I: Extracting ncurses-bin...
I: Extracting passwd...
I: Extracting perl-base...
I: Extracting procps...
I: Extracting python-minimal...
I: Extracting python2.4-minimal...
I: Extracting sed...
I: Extracting startup-tasks...
I: Extracting system-services...
I: Extracting sysv-rc...
I: Extracting sysvutils...
I: Extracting tar...
I: Extracting tzdata...
I: Extracting upstart...
I: Extracting upstart-compat-sysv...
I: Extracting upstart-logd...
I: Extracting util-linux...
I: Extracting x11-common...
I: Extracting zlib1g...
I: Installing core packages...
I: Unpacking required packages...
I: Unpacking base-files...
I: Unpacking base-passwd...
I: Unpacking bash...
I: Unpacking belocs-locales-bin...
I: Unpacking bsdutils...
I: Unpacking coreutils...
I: Unpacking dash...
I: Unpacking debconf...
I: Unpacking debconf-i18n...
I: Unpacking debianutils...
I: Unpacking diff...
I: Unpacking dpkg...
I: Unpacking e2fslibs...
I: Unpacking e2fsprogs...
I: Unpacking findutils...
I: Unpacking gcc-4.1-base...
I: Unpacking grep...
I: Unpacking gzip...
I: Unpacking hostname...
I: Unpacking initscripts...
I: Unpacking libacl1...
I: Unpacking libattr1...
I: Unpacking libblkid1...
I: Unpacking libc6...
I: Unpacking libcap1...
I: Unpacking libcomerr2...
I: Unpacking libdb4.3...
I: Unpacking libdevmapper1.02...
I: Unpacking libgcc1...
I: Unpacking liblocale-gettext-perl...
I: Unpacking libncurses5...
I: Unpacking libpam-foreground...
I: Unpacking libpam-modules...
I: Unpacking libpam-runtime...
I: Unpacking libpam0g...
I: Unpacking libselinux1...
I: Unpacking libsepol1...
I: Unpacking libslang2...
I: Unpacking libss2...
I: Unpacking libtext-charwidth-perl...
I: Unpacking libtext-iconv-perl...
I: Unpacking libtext-wrapi18n-perl...
I: Unpacking libuuid1...
I: Unpacking locales...
I: Unpacking login...
I: Unpacking lsb-base...
I: Unpacking makedev...
I: Unpacking mawk...
I: Unpacking mktemp...
I: Unpacking mount...
I: Unpacking ncurses-base...
I: Unpacking ncurses-bin...
I: Unpacking passwd...
I: Unpacking perl-base...
I: Unpacking procps...
I: Unpacking python-minimal...
I: Unpacking python2.4-minimal...
I: Unpacking sed...
I: Unpacking startup-tasks...
I: Unpacking system-services...
I: Unpacking sysv-rc...
I: Unpacking sysvutils...
I: Unpacking tar...
I: Unpacking tzdata...
I: Unpacking upstart...
I: Unpacking upstart-compat-sysv...
I: Unpacking upstart-logd...
I: Unpacking util-linux...
I: Unpacking x11-common...
I: Unpacking zlib1g...
I: Configuring required packages...
I: Configuring sysv-rc...
I: Configuring tzdata...
I: Configuring gcc-4.1-base...
I: Configuring libc6...
I: Configuring libpam-foreground...
I: Configuring libdevmapper1.02...
I: Configuring libcap1...
I: Configuring mktemp...
I: Configuring libuuid1...
I: Configuring bsdutils...
I: Configuring perl-base...
I: Configuring libsepol1...
I: Configuring tar...
I: Configuring zlib1g...
I: Configuring libgcc1...
I: Configuring mount...
I: Configuring libtext-iconv-perl...
I: Configuring libncurses5...
I: Configuring libattr1...
I: Configuring sed...
I: Configuring e2fslibs...
I: Configuring base-passwd...
I: Configuring libcomerr2...
I: Configuring mawk...
I: Configuring libdb4.3...
I: Configuring grep...
I: Configuring hostname...
I: Configuring libacl1...
I: Configuring libpam-runtime...
I: Configuring libslang2...
I: Configuring libss2...
I: Configuring findutils...
I: Configuring liblocale-gettext-perl...
I: Configuring diff...
I: Configuring libselinux1...
I: Configuring belocs-locales-bin...
I: Configuring libtext-charwidth-perl...
I: Configuring python2.4-minimal...
I: Configuring libtext-wrapi18n-perl...
I: Configuring coreutils...
I: Configuring debianutils...
I: Configuring makedev...
I: Configuring ncurses-base...
I: Configuring libpam0g...
I: Configuring ncurses-bin...
I: Configuring libpam-modules...
I: Configuring locales...
I: Configuring base-files...
I: Configuring debconf-i18n...
I: Configuring libblkid1...
I: Configuring e2fsprogs...
I: Configuring gzip...
I: Configuring dpkg...
I: Configuring sysvutils...
I: Configuring bash...
I: Configuring debconf...
I: Configuring dash...
I: Configuring login...
I: Configuring lsb-base...
I: Configuring procps...
I: Configuring python-minimal...
I: Configuring x11-common...
I: Configuring upstart...
I: Configuring passwd...
I: Configuring initscripts...
I: Configuring upstart-compat-sysv...
I: Configuring util-linux...
I: Configuring upstart-logd...
I: Configuring system-services...
I: Configuring startup-tasks...
I: Unpacking the base system...
I: Unpacking adduser...
I: Unpacking alsa-base...
I: Unpacking alsa-utils...
I: Unpacking apt...
I: Unpacking apt-utils...
I: Unpacking aptitude...
I: Unpacking busybox-initramfs...
I: Unpacking bzip2...
I: Unpacking console-setup...
I: Unpacking console-terminus...
I: Unpacking console-tools...
I: Unpacking cpio...
I: Unpacking dhcp3-client...
I: Unpacking dhcp3-common...
I: Unpacking dmidecode...
I: Unpacking eject...
I: Unpacking ethtool...
I: Unpacking gettext-base...
I: Unpacking gnupg...
I: Unpacking grepmap...
I: Unpacking ifupdown...
I: Unpacking initramfs-tools...
I: Unpacking iproute...
I: Unpacking iputils-ping...
I: Unpacking klibc-utils...
I: Unpacking klogd...
I: Unpacking laptop-detect...
I: Unpacking less...
I: Unpacking libasound2...
I: Unpacking libatm1...
I: Unpacking libbz2-1.0...
I: Unpacking libconsole...
I: Unpacking libdb4.4...
I: Unpacking libfribidi0...
I: Unpacking libgcrypt11...
I: Unpacking libgdbm3...
I: Unpacking libgnutls13...
I: Unpacking libgpg-error0...
I: Unpacking libiw28...
I: Unpacking libklibc...
I: Unpacking libldap2...
I: Unpacking liblzo1...
I: Unpacking libncursesw5...
I: Unpacking libnewt0.52...
I: Unpacking libopencdk8...
I: Unpacking libpci2...
I: Unpacking libpopt0...
I: Unpacking libreadline5...
I: Unpacking libsasl2...
I: Unpacking libsasl2-modules...
I: Unpacking libsigc++-2.0-0c2a...
I: Unpacking libssl0.9.8...
I: Unpacking libstdc++6...
I: Unpacking libsysfs2...
I: Unpacking libtasn1-3...
I: Unpacking libusb-0.1-4...
I: Unpacking libvolumeid0...
I: Unpacking libwrap0...
I: Unpacking linux-sound-base...
I: Unpacking lsb-release...
I: Unpacking lsof...
I: Unpacking mii-diag...
I: Unpacking mime-support...
I: Unpacking module-init-tools...
I: Unpacking net-tools...
I: Unpacking netbase...
I: Unpacking netcat...
I: Unpacking ntpdate...
I: Unpacking pciutils...
I: Unpacking pcmciautils...
I: Unpacking perl...
I: Unpacking perl-modules...
I: Unpacking python...
I: Unpacking python2.4...
I: Unpacking readline-common...
I: Unpacking sudo...
I: Unpacking sysklogd...
I: Unpacking tasksel...
I: Unpacking tasksel-data...
I: Unpacking tcpd...
I: Unpacking ubuntu-keyring...
I: Unpacking ubuntu-minimal...
I: Unpacking udev...
I: Unpacking usbutils...
I: Unpacking util-linux-locales...
I: Unpacking vim-common...
I: Unpacking vim-tiny...
I: Unpacking volumeid...
I: Unpacking whiptail...
I: Unpacking wireless-tools...
I: Unpacking wpasupplicant...
I: Unpacking xkb-data...
I: Configuring the base system...
I: Configuring sudo...
I: Configuring libsysfs2...
I: Configuring gettext-base...
I: Configuring module-init-tools...
I: Configuring libgdbm3...
I: Configuring libtasn1-3...
I: Configuring libpopt0...
I: Configuring libpci2...
I: Configuring libusb-0.1-4...
I: Configuring libgpg-error0...
I: Configuring libssl0.9.8...
I: Configuring vim-common...
I: Configuring pciutils...
I: Configuring dmidecode...
I: Configuring libfribidi0...
I: Configuring adduser...
I: Configuring libklibc...
I: Configuring libasound2...
I: Configuring usbutils...
I: Configuring libatm1...
I: Configuring liblzo1...
I: Configuring klibc-utils...
I: Configuring libnewt0.52...
I: Configuring libdb4.4...
I: Configuring net-tools...
I: Configuring libiw28...
I: Configuring mii-diag...
I: Configuring util-linux-locales...
I: Configuring xkb-data...
I: Configuring ethtool...
I: Configuring libncursesw5...
I: Configuring eject...
I: Configuring busybox-initramfs...
I: Configuring iputils-ping...
I: Configuring libbz2-1.0...
I: Configuring grepmap...
I: Configuring wireless-tools...
I: Configuring mime-support...
I: Configuring ntpdate...
I: Configuring dhcp3-common...
I: Configuring libconsole...
I: Configuring cpio...
I: Configuring libstdc++6...
I: Configuring vim-tiny...
I: Configuring libvolumeid0...
I: Configuring less...
I: Configuring readline-common...
I: Configuring linux-sound-base...
I: Configuring libwrap0...
I: Configuring netcat...
I: Configuring lsof...
I: Configuring tcpd...
I: Configuring laptop-detect...
I: Configuring libgcrypt11...
I: Configuring bzip2...
I: Configuring apt...
I: Configuring whiptail...
I: Configuring ifupdown...
I: Configuring dhcp3-client...
I: Configuring libreadline5...
I: Configuring iproute...
I: Configuring libsigc++-2.0-0c2a...
I: Configuring aptitude...
I: Configuring libopencdk8...
I: Configuring alsa-base...
I: Configuring apt-utils...
I: Configuring libgnutls13...
I: Configuring wpasupplicant...
I: Configuring netbase...
I: Configuring python2.4...
I: Configuring python...
I: Configuring alsa-utils...
I: Configuring lsb-release...
I: Configuring volumeid...
I: Configuring libsasl2-modules...
I: Configuring console-terminus...
I: Configuring sysklogd...
I: Configuring libsasl2...
I: Configuring klogd...
I: Configuring initramfs-tools...
I: Configuring perl-modules...
I: Configuring libldap2...
I: Configuring tasksel-data...
I: Configuring gnupg...
I: Configuring ubuntu-keyring...
I: Configuring perl...
I: Configuring udev...
I: Configuring tasksel...
I: Configuring pcmciautils...
I: Configuring console-setup...
I: Configuring console-tools...
I: Configuring ubuntu-minimal...
I: Base system installed successfully.
perl: warning: Setting locale failed.
perl: warning: Please check that your locale settings:
	LANGUAGE = "en_DK:en",
	LC_ALL = (unset),
	LANG = "en_DK.UTF-8"
    are supported and installed on your system.
perl: warning: Falling back to the standard locale ("C").
Adding `local diversion of /usr/sbin/mkinitrd to /usr/sbin/mkinitrd.thereal'
perl: warning: Setting locale failed.
perl: warning: Please check that your locale settings:
	LANGUAGE = "en_DK:en",
	LC_ALL = (unset),
	LANG = "en_DK.UTF-8"
    are supported and installed on your system.
perl: warning: Falling back to the standard locale ("C").
Adding `local diversion of /usr/sbin/invoke-rc.d to /usr/sbin/invoke-rc.d.thereal'
perl: warning: Setting locale failed.
perl: warning: Please check that your locale settings:
	LANGUAGE = "en_DK:en",
	LC_ALL = (unset),
	LANG = "en_DK.UTF-8"
    are supported and installed on your system.
perl: warning: Falling back to the standard locale ("C").
Adding `local diversion of /sbin/start-stop-daemon to /sbin/start-stop-daemon.thereal'
/tmp/tmpiOHcsw/dev
Get:1 http://de.archive.ubuntu.com edgy Release.gpg [191B]
Get:2 http://de.archive.ubuntu.com edgy-security Release.gpg [191B]
Get:3 http://de.archive.ubuntu.com edgy-updates Release.gpg [191B]
Hit http://de.archive.ubuntu.com edgy Release
Get:4 http://de.archive.ubuntu.com edgy-security Release [50.9kB]
Get:5 http://de.archive.ubuntu.com edgy-updates Release [23.3kB]
Hit http://de.archive.ubuntu.com edgy/main Packages
Get:6 http://de.archive.ubuntu.com edgy/restricted Packages [5594B]
Get:7 http://de.archive.ubuntu.com edgy/universe Packages [3497kB]
Get:8 http://de.archive.ubuntu.com edgy/multiverse Packages [116kB]
Get:9 http://de.archive.ubuntu.com edgy-security/main Packages [38.2kB]
Get:10 http://de.archive.ubuntu.com edgy-security/restricted Packages [3266B]
Get:11 http://de.archive.ubuntu.com edgy-security/universe Packages [16.6kB]
Get:12 http://de.archive.ubuntu.com edgy-security/multiverse Packages [2234B]
Get:13 http://de.archive.ubuntu.com edgy-updates/main Packages [53.8kB]
Get:14 http://de.archive.ubuntu.com edgy-updates/restricted Packages [14B]
Get:15 http://de.archive.ubuntu.com edgy-updates/universe Packages [4272B]
Get:16 http://de.archive.ubuntu.com edgy-updates/multiverse Packages [14B]
Fetched 3812kB in 9s (395kB/s)
Reading package lists...
umount: /tmp/tmpiOHcsw/proc: not mounted
Reading package lists...
Building dependency tree...
The following packages will be upgraded:
  gnupg tar x11-common
3 upgraded, 0 newly installed, 0 to remove and 0 not upgraded.
Need to get 1766kB of archives.
After unpacking 4096B of additional disk space will be used.
Get:1 http://de.archive.ubuntu.com edgy-security/main tar 1.15.91-2ubuntu0.3 [362kB]
Get:2 http://de.archive.ubuntu.com edgy-updates/main x11-common 1:7.1.1ubuntu6.2 [292kB]
Get:3 http://de.archive.ubuntu.com edgy-security/main gnupg 1.4.3-2ubuntu3.2 [1112kB]
perl: warning: Setting locale failed.
perl: warning: Please check that your locale settings:
	LANGUAGE = "en_DK:en",
	LC_ALL = (unset),
	LANG = "en_DK.UTF-8"
    are supported and installed on your system.
perl: warning: Falling back to the standard locale ("C").
locale: Cannot set LC_CTYPE to default locale: No such file or directory
locale: Cannot set LC_MESSAGES to default locale: No such file or directory
locale: Cannot set LC_ALL to default locale: No such file or directory
Preconfiguring packages ...
